ISim log file
Running: D:\FPGA-Spartan6\fm_transmitter\top_isim_beh.exe -intstyle ise -gui -tclbatch isim.cmd -wdb D:/FPGA-Spartan6/fm_transmitter/top_isim_beh.wdb 
ISim P.20131013 (signature 0x7708f090)
This is a Full version of ISim.
Time resolution is 1 ps
# onerror resume
# wave add /
# run 1000 ns
Simulator is doing circuit initialization process.
Finished circuit initialization process.
# isim force add /top/clk 0 -radix bin -value 1 -radix bin -time 500 ps -repeat 1 ns
# isim force add /top/addat 1 -radix bin
# run 1.00us
# run 1.00us
# run 1.00us
# run 1.00us
# run 1.00us
# run 1.00us
# run 1.00us
# run 1.00us
# run 1.00us
# run 1.00us
# run 1.00us
# run 1.00us
# run 1.00us
# run 1.00us
